17/03/2013 19:18:42	This log contains information about the import schema operation into project 'FindANewman.Database' on computer 'MAGICBOX' by user 'Rich'.
17/03/2013 19:18:42	Import of database schema has started.
17/03/2013 19:18:47	Gathering database options
17/03/2013 19:18:47	Gathering users
17/03/2013 19:18:47	Gathering roles
17/03/2013 19:18:47	Gathering application roles
17/03/2013 19:18:47	Gathering role memberships
17/03/2013 19:18:47	Gathering filegroups
17/03/2013 19:18:47	Gathering full-text catalogs
17/03/2013 19:18:47	Gathering assemblies
17/03/2013 19:18:47	Gathering certificates
17/03/2013 19:18:47	Gathering asymmetric keys
17/03/2013 19:18:47	Gathering symmetric keys
17/03/2013 19:18:47	Gathering encrypted symmetric keys
17/03/2013 19:18:47	Gathering schemas
17/03/2013 19:18:47	Gathering XML schema collections
17/03/2013 19:18:47	Gathering user-defined data types
17/03/2013 19:18:47	Gathering user-defined types
17/03/2013 19:18:47	Gathering table types
17/03/2013 19:18:47	Gathering unique keys for table types
17/03/2013 19:18:47	Gathering primary keys for table types
17/03/2013 19:18:47	Gathering check constraints for table types
17/03/2013 19:18:47	Gathering default constraints for table types
17/03/2013 19:18:47	Gathering partition functions
17/03/2013 19:18:47	Gathering partition schemes
17/03/2013 19:18:47	Gathering functions
17/03/2013 19:18:47	Gathering encrypted functions
17/03/2013 19:18:47	Gathering aggregates
17/03/2013 19:18:47	Gathering procedures
17/03/2013 19:18:47	Gathering encrypted procedures
17/03/2013 19:18:47	Gathering tables
17/03/2013 19:18:47	Gathering primary keys
17/03/2013 19:18:47	Gathering unique constraints
17/03/2013 19:18:47	Gathering foreign keys
17/03/2013 19:18:47	Gathering default constraints
17/03/2013 19:18:47	Gathering check constraints
17/03/2013 19:18:47	Gathering views
17/03/2013 19:18:47	Gathering encrypted views
17/03/2013 19:18:47	Gathering indexes
17/03/2013 19:18:47	Gathering statistics
17/03/2013 19:18:47	Gathering full-text index stoplists
17/03/2013 19:18:47	Gathering search property lists
17/03/2013 19:18:47	Gathering search properties
17/03/2013 19:18:47	Gathering full-text indexes
17/03/2013 19:18:47	Gathering column store indexes
17/03/2013 19:18:47	Gathering spatial indexes
17/03/2013 19:18:47	Gathering XML indexes
17/03/2013 19:18:47	Gathering Selective XML indexes
17/03/2013 19:18:47	Gathering encrypted triggers
17/03/2013 19:18:47	Gathering triggers
17/03/2013 19:18:47	Gathering encrypted and clr ddl triggers
17/03/2013 19:18:47	Gathering ddl triggers
17/03/2013 19:18:47	Gathering synonyms
17/03/2013 19:18:47	Gathering defaults
17/03/2013 19:18:47	Gathering data constraint uddt bindings
17/03/2013 19:18:47	Gathering rules
17/03/2013 19:18:47	Gathering data constraint uddt bindings
17/03/2013 19:18:47	Gathering message types
17/03/2013 19:18:47	Gathering queues
17/03/2013 19:18:47	Gathering contracts
17/03/2013 19:18:47	Gathering services
17/03/2013 19:18:47	Gathering event notifications
17/03/2013 19:18:47	Gathering remote service bindings
17/03/2013 19:18:47	Gathering broker priorities
17/03/2013 19:18:47	Gathering signatures
17/03/2013 19:18:47	Gathering data compression options
17/03/2013 19:18:47	Gathering sequence types
17/03/2013 19:18:47	Gathering extended properties
17/03/2013 19:18:47	Gathering credentials
17/03/2013 19:18:47	Gathering logins
17/03/2013 19:18:47	Gathering server audits
17/03/2013 19:18:47	Finished importing database.
17/03/2013 19:18:47	A summary of the import was saved to the following location: E:\Workspaces\GitHub\FindANewman\FindANewman\Database\FindANewman.Database\Import Schema Logs\FindANewman.Database_20130317071842.log
17/03/2013 19:18:47	Click Finish to continue...
